This is pdfTeX, Version 3.1415926-2.3-1.40.12 (MiKTeX 2.9) (preloaded format=pdflatex 2016.11.10)  14 JAN 2018 00:05
entering extended mode
**222.tex
(C:\Download\Â§ß‰Ωú‰∏ö\222.tex
LaTeX2e <2011/06/27>
Babel <v3.8m> and hyphenation patterns for loaded.
(C:\Software\Ctex\MiKTeX\tex\latex\base\article.cls
Document Class: article 2007/10/19 v1.4h Standard LaTeX document class
(C:\Software\Ctex\MiKTeX\tex\latex\base\size12.clo
File: size12.clo 2007/10/19 v1.4h Standard LaTeX file (size option)
)
\c@part=\count79
\c@section=\count80
\c@subsection=\count81
\c@subsubsection=\count82
\c@paragraph=\count83
\c@subparagraph=\count84
\c@figure=\count85
\c@table=\count86
\abovecaptionskip=\skip41
\belowcaptionskip=\skip42
\bibindent=\dimen102
)
(C:\Software\Ctex\MiKTeX\tex\latex\fancybox\fancybox.sty
Package: fancybox 2010/05/15 1.4

Style option: `fancybox' v1.4 <2010/05/15> (tvz)
\@fancybox=\box26
\shadowsize=\dimen103
\@Sbox=\box27
\do@VerbBox=\toks14
\the@fancyput=\toks15
\this@fancyput=\toks16
\EndVerbatimTokens=\toks17
\Verbatim@Outfile=\write3
\Verbatim@Infile=\read1
) (C:\Software\Ctex\MiKTeX\tex\latex\fancyhdr\fancyhdr.sty
\fancy@headwidth=\skip43
\f@ncyO@elh=\skip44
\f@ncyO@erh=\skip45
\f@ncyO@olh=\skip46
\f@ncyO@orh=\skip47
\f@ncyO@elf=\skip48
\f@ncyO@erf=\skip49
\f@ncyO@olf=\skip50
\f@ncyO@orf=\skip51
)
(C:\Software\Ctex\MiKTeX\tex\latex\amsfonts\amsfonts.sty
Package: amsfonts 2009/06/22 v3.00 Basic AMSFonts support
\@emptytoks=\toks18
\symAMSa=\mathgroup4
\symAMSb=\mathgroup5
LaTeX Font Info:    Overwriting math alphabet `\mathfrak' in version `bold'
(Font)                  U/euf/m/n --> U/euf/b/n on input line 96.
)
(C:\Software\Ctex\MiKTeX\tex\latex\appendix\appendix.sty
Package: appendix 2009/09/02 v1.2b extra appendix facilities
\c@@pps=\count87
\c@@ppsavesec=\count88
\c@@ppsaveapp=\count89
)
(C:\Software\Ctex\MiKTeX\tex\latex\graphics\color.sty
Package: color 2005/11/14 v1.0j Standard LaTeX Color (DPC)

(C:\Software\Ctex\MiKTeX\tex\latex\00miktex\color.cfg
File: color.cfg 2007/01/18 v1.5 color configuration of teTeX/TeXLive
)
Package color Info: Driver file: pdftex.def on input line 130.

(C:\Software\Ctex\MiKTeX\tex\latex\pdftex-def\pdftex.def
File: pdftex.def 2011/05/27 v0.06d Graphics/color for pdfTeX

(C:\Software\Ctex\MiKTeX\tex\generic\oberdiek\infwarerr.sty
Package: infwarerr 2010/04/08 v1.3 Providing info/warning/message (HO)
)
(C:\Software\Ctex\MiKTeX\tex\generic\oberdiek\ltxcmds.sty
Package: ltxcmds 2011/04/18 v1.20 LaTeX kernel commands for general use (HO)
)
\Gread@gobject=\count90
))
(C:\Software\Ctex\MiKTeX\tex\latex\titlesec\titlesec.sty
Package: titlesec 2011/12/15 v2.10.0 Sectioning titles
\ttl@box=\box28
\beforetitleunit=\skip52
\aftertitleunit=\skip53
\ttl@plus=\dimen104
\ttl@minus=\dimen105
\ttl@toksa=\toks19
\titlewidth=\dimen106
\titlewidthlast=\dimen107
\titlewidthfirst=\dimen108
)
(C:\Software\Ctex\MiKTeX\tex\latex\base\ifthen.sty
Package: ifthen 2001/05/26 v1.1c Standard LaTeX ifthen package (DPC)
)
(C:\Software\Ctex\MiKTeX\tex\latex\tools\calc.sty
Package: calc 2007/08/22 v4.3 Infix arithmetic (KKT,FJ)
\calc@Acount=\count91
\calc@Bcount=\count92
\calc@Adimen=\dimen109
\calc@Bdimen=\dimen110
\calc@Askip=\skip54
\calc@Bskip=\skip55
LaTeX Info: Redefining \setlength on input line 76.
LaTeX Info: Redefining \addtolength on input line 77.
\calc@Ccount=\count93
\calc@Cskip=\skip56
)
(C:\Software\Ctex\MiKTeX\tex\latex\lastpage\lastpage.sty
Package: lastpage 2011/09/01 v1.2k Refers to last page's name (HMM; JPG)
)
(C:\Software\Ctex\MiKTeX\tex\latex\listings\listings.sty
(C:\Software\Ctex\MiKTeX\tex\latex\graphics\keyval.sty
Package: keyval 1999/03/16 v1.13 key=value parser (DPC)
\KV@toks@=\toks20
)
\lst@mode=\count94
\lst@gtempboxa=\box29
\lst@token=\toks21
\lst@length=\count95
\lst@currlwidth=\dimen111
\lst@column=\count96
\lst@pos=\count97
\lst@lostspace=\dimen112
\lst@width=\dimen113
\lst@newlines=\count98
\lst@lineno=\count99
\lst@maxwidth=\dimen114

(C:\Software\Ctex\MiKTeX\tex\latex\listings\lstmisc.sty
File: lstmisc.sty 2007/02/22 1.4 (Carsten Heinz)
\c@lstnumber=\count100
\lst@skipnumbers=\count101
\lst@framebox=\box30
)
(C:\Software\Ctex\MiKTeX\tex\latex\listings\listings.cfg
File: listings.cfg 2007/02/22 1.4 listings configuration
))
Package: listings 2007/02/22 1.4 (Carsten Heinz)

(C:\Software\Ctex\MiKTeX\tex\latex\ams\classes\amsthm.sty
Package: amsthm 2004/08/06 v2.20
\thm@style=\toks22
\thm@bodyfont=\toks23
\thm@headfont=\toks24
\thm@notefont=\toks25
\thm@headpunct=\toks26
\thm@preskip=\skip57
\thm@postskip=\skip58
\thm@headsep=\skip59
\dth@everypar=\toks27
)
(C:\Software\Ctex\MiKTeX\tex\latex\base\latexsym.sty
Package: latexsym 1998/08/17 v2.2e Standard LaTeX package (lasy symbols)
\symlasy=\mathgroup6
LaTeX Font Info:    Overwriting symbol font `lasy' in version `bold'
(Font)                  U/lasy/m/n --> U/lasy/b/n on input line 47.
)
(C:\Software\Ctex\MiKTeX\tex\latex\ams\math\amsmath.sty
Package: amsmath 2000/07/18 v2.13 AMS math features
\@mathmargin=\skip60

For additional information on amsmath, use the `?' option.
(C:\Software\Ctex\MiKTeX\tex\latex\ams\math\amstext.sty
Package: amstext 2000/06/29 v2.01

(C:\Software\Ctex\MiKTeX\tex\latex\ams\math\amsgen.sty
File: amsgen.sty 1999/11/30 v2.0
\@emptytoks=\toks28
\ex@=\dimen115
))
(C:\Software\Ctex\MiKTeX\tex\latex\ams\math\amsbsy.sty
Package: amsbsy 1999/11/29 v1.2d
\pmbraise@=\dimen116
)
(C:\Software\Ctex\MiKTeX\tex\latex\ams\math\amsopn.sty
Package: amsopn 1999/12/14 v2.01 operator names
)
\inf@bad=\count102
LaTeX Info: Redefining \frac on input line 211.
\uproot@=\count103
\leftroot@=\count104
LaTeX Info: Redefining \overline on input line 307.
\classnum@=\count105
\DOTSCASE@=\count106
LaTeX Info: Redefining \ldots on input line 379.
LaTeX Info: Redefining \dots on input line 382.
LaTeX Info: Redefining \cdots on input line 467.
\Mathstrutbox@=\box31
\strutbox@=\box32
\big@size=\dimen117
LaTeX Font Info:    Redeclaring font encoding OML on input line 567.
LaTeX Font Info:    Redeclaring font encoding OMS on input line 568.
\macc@depth=\count107
\c@MaxMatrixCols=\count108
\dotsspace@=\muskip10
\c@parentequation=\count109
\dspbrk@lvl=\count110
\tag@help=\toks29
\row@=\count111
\column@=\count112
\maxfields@=\count113
\andhelp@=\toks30
\eqnshift@=\dimen118
\alignsep@=\dimen119
\tagshift@=\dimen120
\tagwidth@=\dimen121
\totwidth@=\dimen122
\lineht@=\dimen123
\@envbody=\toks31
\multlinegap=\skip61
\multlinetaggap=\skip62
\mathdisplay@stack=\toks32
LaTeX Info: Redefining \[ on input line 2666.
LaTeX Info: Redefining \] on input line 2667.
)
(C:\Software\Ctex\MiKTeX\tex\latex\amsfonts\amssymb.sty
Package: amssymb 2009/06/22 v3.00
)
(C:\Software\Ctex\MiKTeX\tex\latex\tools\indentfirst.sty
Package: indentfirst 1995/11/23 v1.03 Indent first paragraph (DPC)
)
(C:\Software\Ctex\MiKTeX\tex\latex\tools\longtable.sty
Package: longtable 2004/02/01 v4.11 Multi-page Table package (DPC)
\LTleft=\skip63
\LTright=\skip64
\LTpre=\skip65
\LTpost=\skip66
\LTchunksize=\count114
\LTcapwidth=\dimen124
\LT@head=\box33
\LT@firsthead=\box34
\LT@foot=\box35
\LT@lastfoot=\box36
\LT@cols=\count115
\LT@rows=\count116
\c@LT@tables=\count117
\c@LT@chunks=\count118
\LT@p@ftn=\toks33
)
(C:\Software\Ctex\MiKTeX\tex\latex\subfigure\subfigure.sty
Package: subfigure 2002/07/30 v2.1.4 subfigure package
\subfigtopskip=\skip67
\subfigcapskip=\skip68
\subfigcaptopadj=\dimen125
\subfigbottomskip=\skip69
\subfigcapmargin=\dimen126
\subfiglabelskip=\skip70
\c@subfigure=\count119
\c@lofdepth=\count120
\c@subtable=\count121
\c@lotdepth=\count122

****************************************
* Local config file subfigure.cfg used *
****************************************
(C:\Software\Ctex\MiKTeX\tex\latex\subfigure\subfigure.cfg)
\subfig@top=\skip71
\subfig@bottom=\skip72
)
(C:\Software\Ctex\MiKTeX\tex\latex\slashbox\slashbox.sty
slashbox style by K.Yasuoka, May 1993.
\@slashboxa=\box37
\@slashboxb=\box38
\@slashboxc=\box39
\@slashboxwd=\count123
\@slashboxht=\count124
\@slashsepl=\dimen127
\@slashsepr=\dimen128
) (C:\Software\Ctex\MiKTeX\tex\latex\graphics\graphicx.sty
Package: graphicx 1999/02/16 v1.0f Enhanced LaTeX Graphics (DPC,SPQR)

(C:\Software\Ctex\MiKTeX\tex\latex\graphics\graphics.sty
Package: graphics 2009/02/05 v1.0o Standard LaTeX Graphics (DPC,SPQR)

(C:\Software\Ctex\MiKTeX\tex\latex\graphics\trig.sty
Package: trig 1999/03/16 v1.09 sin cos tan (DPC)
)
(C:\Software\Ctex\MiKTeX\tex\latex\00miktex\graphics.cfg
File: graphics.cfg 2007/01/18 v1.5 graphics configuration of teTeX/TeXLive
)
Package graphics Info: Driver file: pdftex.def on input line 91.
)
\Gin@req@height=\dimen129
\Gin@req@width=\dimen130
)
(C:\Software\Ctex\MiKTeX\tex\latex\caption\caption2.sty
Package: caption2 2011/08/12 v2.2d Customising captions (AR)


Package caption2 Warning: ****************************************************
(caption2)                THIS PACKAGE IS OBSOLETE:
(caption2)                This package attempts to provide an `caption2'
(caption2)                package v2.0/2.1 author environment so that OLD
(caption2)                documents can be successfully processed. It should
(caption2)                NOT be used for NEW documents! New documents should
(caption2)                use the regular `caption' package v3.x instead.
(caption2)                ****************************************************

(C:\Software\Ctex\MiKTeX\tex\latex\caption\caption3.sty
Package: caption3 2011/11/01 v1.4a caption3 kernel (AR)
\captionmargin=\dimen131
\captionmargin@=\dimen132
\captionwidth=\dimen133
\caption@indent=\dimen134
\caption@parindent=\dimen135
\caption@hangindent=\dimen136
)
Package caption2 Info: Running in caption2 v2.0 compatibility mode on input lin
e 210.
\captionlinewidth=\dimen137
\realcaptionwidth=\dimen138
Package caption2 Info: longtable package v3.15 (or newer) detected on input lin
e 341.
Package caption2 Info: subfigure package v2.1 (or newer) detected on input line
 438.
\subfigcapwidth=\dimen139
\subcapindent=\dimen140
)
(C:\Software\Ctex\MiKTeX\tex\latex\base\flafter.sty
Package: flafter 2000/07/23 v1.2i Standard LaTeX floats after reference (FMi)
)
(C:\Software\Ctex\MiKTeX\tex\latex\psnfss\pifont.sty
Package: pifont 2005/04/12 PSNFSS-v9.2a Pi font support (SPQR) 
LaTeX Font Info:    Try loading font information for U+pzd on input line 63.

(C:\Software\Ctex\MiKTeX\tex\latex\psnfss\upzd.fd
File: upzd.fd 2001/06/04 font definitions for U/pzd.
)
LaTeX Font Info:    Try loading font information for U+psy on input line 64.

(C:\Software\Ctex\MiKTeX\tex\latex\psnfss\upsy.fd
File: upsy.fd 2001/06/04 font definitions for U/psy.
))
(C:\Software\Ctex\MiKTeX\tex\latex\picinpar\picinpar.sty
Pictures in Paragraphs. Version 1.2a, July 13, 1993
\br=\count125
\bl=\count126
\na=\count127
\nb=\count128
\tcdsav=\count129
\tcl=\count130
\tcd=\count131
\tcn=\count132
\cumtcl=\count133
\cumpartcl=\count134
\lftside=\dimen141
\rtside=\dimen142
\hpic=\dimen143
\vpic=\dimen144
\strutilg=\dimen145
\picwd=\dimen146
\topheight=\dimen147
\ilg=\dimen148
\lpic=\dimen149
\lwindowsep=\dimen150
\rwindowsep=\dimen151
\cumpar=\dimen152
\twa=\toks34
\la=\toks35
\ra=\toks36
\ha=\toks37
\pictoc=\toks38
\rawtext=\box40
\holder=\box41
\windowbox=\box42
\wartext=\box43
\finaltext=\box44
\aslice=\box45
\bslice=\box46
\wbox=\box47
\wstrutbox=\box48
\picbox=\box49
\waslice=\box50
\wbslice=\box51
\fslice=\box52
) (C:\Software\Ctex\MiKTeX\tex\latex\geometry\geometry.sty
Package: geometry 2010/09/12 v5.6 Page Geometry

(C:\Software\Ctex\MiKTeX\tex\generic\oberdiek\ifpdf.sty
Package: ifpdf 2011/01/30 v2.3 Provides the ifpdf switch (HO)
Package ifpdf Info: pdfTeX in PDF mode is detected.
)
(C:\Software\Ctex\MiKTeX\tex\generic\oberdiek\ifvtex.sty
Package: ifvtex 2010/03/01 v1.5 Switches for detecting VTeX and its modes (HO)
Package ifvtex Info: VTeX not detected.
)
(C:\Software\Ctex\MiKTeX\tex\generic\ifxetex\ifxetex.sty
Package: ifxetex 2010/09/12 v0.6 Provides ifxetex conditional
)
\Gm@cnth=\count135
\Gm@cntv=\count136
\c@Gm@tempcnt=\count137
\Gm@bindingoffset=\dimen153
\Gm@wd@mp=\dimen154
\Gm@odd@mp=\dimen155
\Gm@even@mp=\dimen156
\Gm@layoutwidth=\dimen157
\Gm@layoutheight=\dimen158
\Gm@layouthoffset=\dimen159
\Gm@layoutvoffset=\dimen160
\Gm@dimlist=\toks39

(C:\Software\Ctex\MiKTeX\tex\latex\geometry\geometry.cfg))
(C:\Software\Ctex\MiKTeX\tex\latex\cjk\CJK.sty
Package: CJK 2008/12/29 4.8.2

(C:\Software\Ctex\MiKTeX\tex\latex\cjk\mule\MULEenc.sty
Package: MULEenc 2008/12/29 4.8.2
)
(C:\Software\Ctex\MiKTeX\tex\latex\cjk\CJK.enc
File: CJK.enc 2008/12/29 4.8.2
)
LaTeX Info: Redefining \selectfont on input line 756.
\CJK@indent=\box53
)
(C:\Software\Ctex\MiKTeX\tex\latex\enumitem\enumitem.sty
Package: enumitem 2011/09/28 v3.5.2 Customized lists
\labelindent=\skip73
\enit@outerparindent=\dimen161
\enit@toks=\toks40
\enit@inbox=\box54
\enitdp@description=\count138
)
(C:\Software\Ctex\MiKTeX\tex\latex\booktabs\booktabs.sty
Package: booktabs 2005/04/14 v1.61803 publication quality tables
\heavyrulewidth=\dimen162
\lightrulewidth=\dimen163
\cmidrulewidth=\dimen164
\belowrulesep=\dimen165
\belowbottomsep=\dimen166
\aboverulesep=\dimen167
\abovetopsep=\dimen168
\cmidrulesep=\dimen169
\cmidrulekern=\dimen170
\defaultaddspace=\dimen171
\@cmidla=\count139
\@cmidlb=\count140
\@aboverulesep=\dimen172
\@belowrulesep=\dimen173
\@thisruleclass=\count141
\@lastruleclass=\count142
\@thisrulewidth=\dimen174
)
(C:\Software\Ctex\MiKTeX\tex\latex\algorithms\algorithm.sty
Package: algorithm 2009/08/24 v0.1 Document Style `algorithm' - floating enviro
nment

(C:\Software\Ctex\MiKTeX\tex\latex\float\float.sty
Package: float 2001/11/08 v1.3d Float enhancements (AL)
\c@float@type=\count143
\float@exts=\toks41
\float@box=\box55
\@float@everytoks=\toks42
\@floatcapt=\box56
)
\@float@every@algorithm=\toks43
\c@algorithm=\count144
)
(C:\Software\Ctex\MiKTeX\tex\latex\algorithms\algorithmic.sty
Package: algorithmic 2009/08/24 v0.1 Document Style `algorithmic'
\c@ALC@unique=\count145
\c@ALC@line=\count146
\c@ALC@rem=\count147
\c@ALC@depth=\count148
\ALC@tlm=\skip74
\algorithmicindent=\skip75
)
(C:\Software\Ctex\MiKTeX\tex\latex\multirow\multirow.sty
\bigstrutjot=\dimen175
)
(C:\Software\Ctex\MiKTeX\tex\latex\supertabular\supertabular.sty
Package: supertabular 2004/02/20 v4.1e the supertabular environment
\c@tracingst=\count149
\ST@wd=\dimen176
\ST@rightskip=\skip76
\ST@leftskip=\skip77
\ST@parfillskip=\skip78
\ST@pageleft=\dimen177
\ST@headht=\dimen178
\ST@tailht=\dimen179
\ST@pagesofar=\dimen180
\ST@pboxht=\dimen181
\ST@lineht=\dimen182
\ST@stretchht=\dimen183
\ST@prevht=\dimen184
\ST@toadd=\dimen185
\ST@dimen=\dimen186
\ST@pbox=\box57
)
(C:\Software\Ctex\MiKTeX\tex\latex\tools\array.sty
Package: array 2008/09/09 v2.4c Tabular extension package (FMi)
\col@sep=\dimen187
\extrarowheight=\dimen188
\NC@list=\toks44
\extratabsurround=\skip79
\backup@length=\skip80
)
(C:\Software\Ctex\MiKTeX\tex\latex\psnfss\mathpazo.sty
Package: mathpazo 2005/04/12 PSNFSS-v9.2a Palatino w/ Pazo Math (D.Puga, WaS) 
\symupright=\mathgroup7
)
(C:\Software\Ctex\MiKTeX\tex\latex\ctex\ctex.sty
Package: ctex 2011/03/11 v1.02c ctex macros package

(C:\Software\Ctex\MiKTeX\tex\latex\ctex\opt\ctex-common-opts.def)
(C:\Software\Ctex\CTeX\tex\latex\ctex\cfg\ctexopts.cfg)
(C:\Software\Ctex\MiKTeX\tex\latex\ctex\def\ctex-common.def
(C:\Software\Ctex\MiKTeX\tex\latex\l3kernel\expl3.sty
(C:\Software\Ctex\MiKTeX\tex\latex\l3kernel\l3names.sty
(C:\Software\Ctex\MiKTeX\tex\latex\l3kernel\l3bootstrap.sty
Package: l3bootstrap 2011/12/29 v3110 L3 Experimental bootstrap code
)
Package: l3names 2011/12/30 v3113 L3 Experimental namespace for primitives
)
(C:\Software\Ctex\MiKTeX\tex\latex\misc\etex.sty
Package: etex 1998/03/26 v2.0 eTeX basic definition package (PEB)
\et@xins=\count150
)
Package: expl3 2012/02/26 v3471 L3 Experimental code bundle wrapper

(C:\Software\Ctex\MiKTeX\tex\latex\l3kernel\l3basics.sty
Package: l3basics 2012/02/26 v3460 L3 Experimental basic definitions
)
(C:\Software\Ctex\MiKTeX\tex\latex\l3kernel\l3expan.sty
Package: l3expan 2012/02/26 v3460 L3 Experimental argument expansion
)
(C:\Software\Ctex\MiKTeX\tex\latex\l3kernel\l3tl.sty
Package: l3tl 2012/02/26 v3460 L3 Experimental token lists
)
(C:\Software\Ctex\MiKTeX\tex\latex\l3kernel\l3seq.sty
Package: l3seq 2012/01/09 v3158 L3 Experimental sequences and stacks
)
(C:\Software\Ctex\MiKTeX\tex\latex\l3kernel\l3int.sty
Package: l3int 2012/02/26 v3460 L3 Experimental integers
\c_max_int=\count151
\l_tmpa_int=\count152
\l_tmpb_int=\count153
\l_tmpc_int=\count154
\g_tmpa_int=\count155
\g_tmpb_int=\count156
)
(C:\Software\Ctex\MiKTeX\tex\latex\l3kernel\l3quark.sty
Package: l3quark 2012/02/12 v3384 L3 Experimental quarks
)
(C:\Software\Ctex\MiKTeX\tex\latex\l3kernel\l3prg.sty
Package: l3prg 2012/02/26 v3464 L3 Experimental control structures
\g_prg_map_int=\count157
)
(C:\Software\Ctex\MiKTeX\tex\latex\l3kernel\l3clist.sty
Package: l3clist 2012/02/26 v3460 L3 Experimental comma separated lists
)
(C:\Software\Ctex\MiKTeX\tex\latex\l3kernel\l3token.sty
Package: l3token 2012/02/26 v3460 L3 Experimental token manipulation
)
(C:\Software\Ctex\MiKTeX\tex\latex\l3kernel\l3prop.sty
Package: l3prop 2012/02/26 v3460 L3 Experimental property lists
)
(C:\Software\Ctex\MiKTeX\tex\latex\l3kernel\l3msg.sty
Package: l3msg 2012/02/26 v3470 L3 Experimental messages
)
(C:\Software\Ctex\MiKTeX\tex\latex\l3kernel\l3file.sty
Package: l3file 2012/02/26 v3464 L3 Experimental file and I/O operations
\l_iow_stream_int=\count158
\l_iow_line_length_int=\count159
\l_iow_target_length_int=\count160
\l_iow_current_line_int=\count161
\l_iow_current_word_int=\count162
\l_iow_current_indentation_int=\count163
)
(C:\Software\Ctex\MiKTeX\tex\latex\l3kernel\l3skip.sty
Package: l3skip 2012/02/26 v3460 L3 Experimental dimensions and skips
\l_tmpa_dim=\dimen189
\l_tmpb_dim=\dimen190
\l_tmpc_dim=\dimen191
\g_tmpa_dim=\dimen192
\g_tmpb_dim=\dimen193
\l_tmpa_skip=\skip81
\l_tmpb_skip=\skip82
\l_tmpc_skip=\skip83
\g_tmpa_skip=\skip84
\g_tmpb_skip=\skip85
)
(C:\Software\Ctex\MiKTeX\tex\latex\l3kernel\l3keys.sty
Package: l3keys 2011/12/22 v3086 L3 Experimental key-value interfaces
\g_keyval_level_int=\count164
\l_keys_choice_int=\count165
)
(C:\Software\Ctex\MiKTeX\tex\latex\l3kernel\l3fp.sty
Package: l3fp 2012/02/06 v3315 L3 Experimental floating-point operations
\c_one_million=\count166
\c_one_hundred_million=\count167
\c_five_hundred_million=\count168
\c_one_thousand_million=\count169
\c_fp_pi_by_four_decimal_int=\count170
\c_fp_pi_by_four_extended_int=\count171
\c_fp_pi_decimal_int=\count172
\c_fp_pi_extended_int=\count173
\c_fp_two_pi_decimal_int=\count174
\c_fp_two_pi_extended_int=\count175
\l_fp_count_int=\count176
\l_fp_div_offset_int=\count177
\l_fp_exp_integer_int=\count178
\l_fp_exp_decimal_int=\count179
\l_fp_exp_extended_int=\count180
\l_fp_exp_exponent_int=\count181
\l_fp_input_a_sign_int=\count182
\l_fp_input_a_integer_int=\count183
\l_fp_input_a_decimal_int=\count184
\l_fp_input_a_exponent_int=\count185
\l_fp_input_b_sign_int=\count186
\l_fp_input_b_integer_int=\count187
\l_fp_input_b_decimal_int=\count188
\l_fp_input_b_exponent_int=\count189
\l_fp_input_a_extended_int=\count190
\l_fp_input_b_extended_int=\count191
\l_fp_mul_a_i_int=\count192
\l_fp_mul_a_ii_int=\count193
\l_fp_mul_a_iii_int=\count194
\l_fp_mul_a_iv_int=\count195
\l_fp_mul_a_v_int=\count196
\l_fp_mul_a_vi_int=\count197
\l_fp_mul_b_i_int=\count198
\l_fp_mul_b_ii_int=\count199
\l_fp_mul_b_iii_int=\count200
\l_fp_mul_b_iv_int=\count201
Normal \count register pool exhausted, switching to extended pool.
\l_fp_mul_b_v_int=\count277
\l_fp_mul_b_vi_int=\count278
\l_fp_mul_output_int=\count279
\l_fp_output_sign_int=\count280
\l_fp_output_integer_int=\count281
\l_fp_output_decimal_int=\count282
\l_fp_output_exponent_int=\count283
\l_fp_output_extended_int=\count284
\l_fp_round_position_int=\count285
\l_fp_round_target_int=\count286
\l_fp_split_sign_int=\count287
\l_fp_internal_int=\count288
\l_fp_trig_octant_int=\count289
\l_fp_trig_sign_int=\count290
\l_fp_trig_decimal_int=\count291
\l_fp_trig_extended_int=\count292
\l_fp_internal_dim=\dimen194
\l_fp_internal_skip=\skip86
)
(C:\Software\Ctex\MiKTeX\tex\latex\l3kernel\l3box.sty
Package: l3box 2012/02/18 v3432 L3 Experimental boxes
\l_tmpb_box=\box58
\l_box_top_dim=\dimen195
\l_box_bottom_dim=\dimen196
\l_box_left_dim=\dimen197
\l_box_right_dim=\dimen198
\l_box_top_new_dim=\dimen199
\l_box_bottom_new_dim=\dimen200
\l_box_left_new_dim=\dimen201
Normal \dimen register pool exhausted, switching to extended pool.
\l_box_right_new_dim=\dimen256
\l_box_internal_box=\box59
)
(C:\Software\Ctex\MiKTeX\tex\latex\l3kernel\l3coffins.sty
Package: l3coffins 2012/02/26 v3460 L3 Experimental coffin code layer
\l_coffin_internal_box=\box60
\l_coffin_internal_dim=\dimen257
\l_coffin_offset_x_dim=\dimen258
\l_coffin_offset_y_dim=\dimen259
\l_coffin_x_dim=\dimen260
\l_coffin_y_dim=\dimen261
\l_coffin_x_prime_dim=\dimen262
\l_coffin_y_prime_dim=\dimen263
\l_coffin_Depth_dim=\dimen264
\l_coffin_Height_dim=\dimen265
\l_coffin_TotalHeight_dim=\dimen266
\l_coffin_Width_dim=\dimen267
\c_empty_coffin=\box61
\l_coffin_aligned_coffin=\box62
\l_coffin_aligned_internal_coffin=\box63
\l_coffin_bounding_shift_dim=\dimen268
\l_coffin_left_corner_dim=\dimen269
\l_coffin_right_corner_dim=\dimen270
\l_coffin_bottom_corner_dim=\dimen271
\l_coffin_top_corner_dim=\dimen272
\l_coffin_scaled_total_height_dim=\dimen273
\l_coffin_scaled_width_dim=\dimen274
\l_coffin_display_coffin=\box64
\l_coffin_display_coord_coffin=\box65
\l_coffin_display_pole_coffin=\box66
\l_coffin_display_offset_dim=\dimen275
\l_coffin_display_x_dim=\dimen276
\l_coffin_display_y_dim=\dimen277
)
(C:\Software\Ctex\MiKTeX\tex\latex\l3kernel\l3color.sty
Package: l3color 2011/09/07 v2776 L3 Experimental colour support
)
(C:\Software\Ctex\MiKTeX\tex\latex\l3kernel\l3luatex.sty
Package: l3luatex 2012/02/09 v3355 L3 Experimental LuaTeX-specific functions
\g_cctab_allocate_int=\count293
\g_cctab_stack_int=\count294
))
(C:\Software\Ctex\MiKTeX\tex\latex\etoolbox\etoolbox.sty
Package: etoolbox 2011/01/03 v2.1 e-TeX tools for LaTeX
\etb@tempcnta=\count295
)
(C:\Software\Ctex\MiKTeX\tex\latex\base\fix-cm.sty
Package: fix-cm 2006/09/13 v1.1m fixes to LaTeX

(C:\Software\Ctex\MiKTeX\tex\latex\base\ts1enc.def
File: ts1enc.def 2001/06/05 v3.0e (jk/car/fm) Standard LaTeX file
))
(C:\Software\Ctex\MiKTeX\tex\latex\ctex\engine\ctex-cjk-engine.def
(C:\Software\Ctex\CTeX\tex\latex\CJKpunct\CJKpunct.sty
Package: CJKpunct 2010/02/21 4.8.2-2
\CJKpunct@cnta=\count296
\CJKpunct@cntb=\count297
\CJKpunct@cntc=\count298
\CJKpunct@cntd=\count299
\CJKpunct@cnte=\count300

(C:\Software\Ctex\CTeX\tex\latex\CJKpunct\CJKpunct.spa))
(C:\Software\Ctex\MiKTeX\tex\latex\ctex\engine\ctex-cjk-common.def
\ccwd=\dimen278
)
(C:\Software\Ctex\MiKTeX\tex\latex\ctex\fontset\ctex-cjk-winfonts.def
(C:\Software\Ctex\MiKTeX\tex\generic\zhmetrics\zhwinfonts.tex
(C:\Software\Ctex\MiKTeX\tex\generic\oberdiek\ifpdf.sty
Package ifpdf Info: The package is already loaded, stopped on input line 64.
){C:/Software/Ctex/UserData/pdftex/config/pdftex.map{Unicode.sfd}{UGBK.sfd}})))
\CTEX@q=\count301
\CTEX@r=\count302
))
(C:\Software\Ctex\MiKTeX\tex\latex\ctex\def\ctex-gbk.def)
(C:\Software\Ctex\MiKTeX\tex\latex\ctex\cfg\ctex.cfg)
(C:\Download\Â§ß‰Ωú‰∏ö\222.aux

LaTeX Warning: Label `alg1' multiply defined.


LaTeX Warning: Label `alg1' multiply defined.


LaTeX Warning: Label `alg1' multiply defined.

)
LaTeX Font Info:    Checking defaults for OML/cmm/m/it on input line 84.
LaTeX Font Info:    ... okay on input line 84.
LaTeX Font Info:    Checking defaults for T1/cmr/m/n on input line 84.
LaTeX Font Info:    ... okay on input line 84.
LaTeX Font Info:    Checking defaults for OT1/cmr/m/n on input line 84.
LaTeX Font Info:    ... okay on input line 84.
LaTeX Font Info:    Checking defaults for OMS/cmsy/m/n on input line 84.
LaTeX Font Info:    ... okay on input line 84.
LaTeX Font Info:    Checking defaults for OMX/cmex/m/n on input line 84.
LaTeX Font Info:    ... okay on input line 84.
LaTeX Font Info:    Checking defaults for U/cmr/m/n on input line 84.
LaTeX Font Info:    ... okay on input line 84.
LaTeX Font Info:    Checking defaults for C00/song/m/n on input line 84.
LaTeX Font Info:    ... okay on input line 84.
LaTeX Font Info:    Checking defaults for C05/song/m/n on input line 84.
LaTeX Font Info:    ... okay on input line 84.
LaTeX Font Info:    Checking defaults for C09/song/m/n on input line 84.
LaTeX Font Info:    ... okay on input line 84.
LaTeX Font Info:    Checking defaults for C10/song/m/n on input line 84.
LaTeX Font Info:    ... okay on input line 84.
LaTeX Font Info:    Checking defaults for C20/song/m/n on input line 84.
LaTeX Font Info:    ... okay on input line 84.
LaTeX Font Info:    Checking defaults for C19/song/m/n on input line 84.
LaTeX Font Info:    ... okay on input line 84.
LaTeX Font Info:    Checking defaults for C40/song/m/n on input line 84.
LaTeX Font Info:    ... okay on input line 84.
LaTeX Font Info:    Checking defaults for C42/song/m/n on input line 84.
LaTeX Font Info:    ... okay on input line 84.
LaTeX Font Info:    Checking defaults for C43/song/m/n on input line 84.
LaTeX Font Info:    ... okay on input line 84.
LaTeX Font Info:    Checking defaults for C50/song/m/n on input line 84.
LaTeX Font Info:    ... okay on input line 84.
LaTeX Font Info:    Checking defaults for C52/song/m/n on input line 84.
LaTeX Font Info:    ... okay on input line 84.
LaTeX Font Info:    Checking defaults for C49/song/m/n on input line 84.
LaTeX Font Info:    ... okay on input line 84.
LaTeX Font Info:    Checking defaults for C60/mj/m/n on input line 84.
LaTeX Font Info:    ... okay on input line 84.
LaTeX Font Info:    Checking defaults for C61/mj/m/n on input line 84.
LaTeX Font Info:    ... okay on input line 84.
LaTeX Font Info:    Checking defaults for C63/mj/m/n on input line 84.
LaTeX Font Info:    ... okay on input line 84.
LaTeX Font Info:    Checking defaults for C64/mj/m/n on input line 84.
LaTeX Font Info:    ... okay on input line 84.
LaTeX Font Info:    Checking defaults for C65/mj/m/n on input line 84.
LaTeX Font Info:    ... okay on input line 84.
LaTeX Font Info:    Checking defaults for C70/song/m/n on input line 84.
LaTeX Font Info:    ... okay on input line 84.
LaTeX Font Info:    Checking defaults for C31/song/m/n on input line 84.
LaTeX Font Info:    ... okay on input line 84.
LaTeX Font Info:    Checking defaults for C32/song/m/n on input line 84.
LaTeX Font Info:    ... okay on input line 84.
LaTeX Font Info:    Checking defaults for C33/song/m/n on input line 84.
LaTeX Font Info:    ... okay on input line 84.
LaTeX Font Info:    Checking defaults for C34/song/m/n on input line 84.
LaTeX Font Info:    ... okay on input line 84.
LaTeX Font Info:    Checking defaults for C35/song/m/n on input line 84.
LaTeX Font Info:    ... okay on input line 84.
LaTeX Font Info:    Checking defaults for C36/song/m/n on input line 84.
LaTeX Font Info:    ... okay on input line 84.
LaTeX Font Info:    Checking defaults for C37/song/m/n on input line 84.
LaTeX Font Info:    ... okay on input line 84.
LaTeX Font Info:    Checking defaults for C80/song/m/n on input line 84.
LaTeX Font Info:    ... okay on input line 84.
LaTeX Font Info:    Checking defaults for C81/song/m/n on input line 84.
LaTeX Font Info:    ... okay on input line 84.
LaTeX Font Info:    Checking defaults for C01/song/m/n on input line 84.
LaTeX Font Info:    ... okay on input line 84.
LaTeX Font Info:    Checking defaults for C11/song/m/n on input line 84.
LaTeX Font Info:    ... okay on input line 84.
LaTeX Font Info:    Checking defaults for C21/song/m/n on input line 84.
LaTeX Font Info:    ... okay on input line 84.
LaTeX Font Info:    Checking defaults for C41/song/m/n on input line 84.
LaTeX Font Info:    ... okay on input line 84.
LaTeX Font Info:    Checking defaults for C62/song/m/n on input line 84.
LaTeX Font Info:    ... okay on input line 84.
LaTeX Font Info:    Checking defaults for TS1/cmr/m/n on input line 84.
LaTeX Font Info:    ... okay on input line 84.
LaTeX Font Info:    Try loading font information for OT1+ppl on input line 84.
 (C:\Software\Ctex\MiKTeX\tex\latex\psnfss\ot1ppl.fd
File: ot1ppl.fd 2001/06/04 font definitions for OT1/ppl.
)
(C:\Software\Ctex\MiKTeX\tex\context\base\supp-pdf.mkii
[Loading MPS to PDF converter (version 2006.09.02).]
\scratchcounter=\count303
\scratchdimen=\dimen279
\scratchbox=\box67
\nofMPsegments=\count304
\nofMParguments=\count305
\everyMPshowfont=\toks45
\MPscratchCnt=\count306
\MPscratchDim=\dimen280
\MPnumerator=\count307
\makeMPintoPDFobject=\count308
\everyMPtoPDFconversion=\toks46
)
Package lastpage Info: Please have a look at the pageslts package at
(lastpage)             http://www.ctan.org/tex-archive/ 
(lastpage)             macros/latex/contrib/pageslts/ 
(lastpage)             or
(lastpage)             http://www.ctan.org/tex-archive/ 
(lastpage)             install/macros/latex/contrib/pageslts.tds.zip
(lastpage)             ! on input line 84.
\c@lstlisting=\count309
Package caption Info: Begin \AtBeginDocument code.
Package caption Info: End \AtBeginDocument code.

*geometry* driver: auto-detecting
*geometry* detected driver: pdftex
*geometry* verbose mode - [ preamble ] result:
* driver: pdftex
* paper: a4paper
* layout: <same size as paper>
* layoutoffset:(h,v)=(0.0pt,0.0pt)
* modes: 
* h-part:(L,W,R)=(71.13188pt, 455.24411pt, 71.13188pt)
* v-part:(T,H,B)=(71.13188pt, 702.78308pt, 71.13188pt)
* \paperwidth=597.50787pt
* \paperheight=845.04684pt
* \textwidth=455.24411pt
* \textheight=702.78308pt
* \oddsidemargin=-1.1381pt
* \evensidemargin=-1.1381pt
* \topmargin=-38.1381pt
* \headheight=12.0pt
* \headsep=25.0pt
* \topskip=12.0pt
* \footskip=30.0pt
* \marginparwidth=35.0pt
* \marginparsep=10.0pt
* \columnsep=10.0pt
* \skip\footins=10.8pt plus 4.0pt minus 2.0pt
* \hoffset=0.0pt
* \voffset=0.0pt
* \mag=1000
* \@twocolumnfalse
* \@twosidefalse
* \@mparswitchfalse
* \@reversemarginfalse
* (1in=72.27pt=25.4mm, 1cm=28.453pt)

(C:\Software\Ctex\MiKTeX\tex\latex\cjk\standard.bdg
File: standard.bdg 2008/12/29 4.8.2
)
(C:\Software\Ctex\MiKTeX\tex\latex\cjk\extended.enc
File: extended.enc 2008/12/29 4.8.2
)
(C:\Software\Ctex\MiKTeX\tex\latex\cjk\extended.chr
File: extended.chr 2008/12/29 4.8.2
)
LaTeX Font Info:    Try loading font information for C19+rm on input line 96.

(C:\Software\Ctex\MiKTeX\tex\latex\ctex\fd\c19rm.fd
File: c19rm.fd 2007/05/06 v0.8a ctex font definition file
)
LaTeX Font Info:    Try loading font information for OML+zplm on input line 96.


(C:\Software\Ctex\MiKTeX\tex\latex\psnfss\omlzplm.fd
File: omlzplm.fd 2002/09/08 Fontinst v1.914 font definitions for OML/zplm.
)
LaTeX Font Info:    Try loading font information for OMS+zplm on input line 96.


(C:\Software\Ctex\MiKTeX\tex\latex\psnfss\omszplm.fd
File: omszplm.fd 2002/09/08 Fontinst v1.914 font definitions for OMS/zplm.
)
LaTeX Font Info:    Try loading font information for OMX+zplm on input line 96.


(C:\Software\Ctex\MiKTeX\tex\latex\psnfss\omxzplm.fd
File: omxzplm.fd 2002/09/08 Fontinst v1.914 font definitions for OMX/zplm.
)
LaTeX Font Info:    Font shape `U/msa/m/n' will be
(Font)              scaled to size 15.0049pt on input line 96.
LaTeX Font Info:    Font shape `U/msa/m/n' will be
(Font)              scaled to size 10.42007pt on input line 96.
LaTeX Font Info:    Font shape `U/msa/m/n' will be
(Font)              scaled to size 8.33606pt on input line 96.
LaTeX Font Info:    Font shape `U/msb/m/n' will be
(Font)              scaled to size 15.0049pt on input line 96.
LaTeX Font Info:    Font shape `U/msb/m/n' will be
(Font)              scaled to size 10.42007pt on input line 96.
LaTeX Font Info:    Font shape `U/msb/m/n' will be
(Font)              scaled to size 8.33606pt on input line 96.
LaTeX Font Info:    Try loading font information for OT1+zplm on input line 96.


(C:\Software\Ctex\MiKTeX\tex\latex\psnfss\ot1zplm.fd
File: ot1zplm.fd 2002/09/08 Fontinst v1.914 font definitions for OT1/zplm.
)
Overfull \hbox (50.8567pt too wide) in paragraph at lines 96--96
 [][] 
 []

LaTeX Font Info:    Font shape `OT1/ppl/bx/n' in size <17.28> not available
(Font)              Font shape `OT1/ppl/b/n' tried instead on input line 97.
(C:\Download\Â§ß‰Ωú‰∏ö\222.toc
LaTeX Font Info:    Font shape `OT1/ppl/bx/n' in size <12> not available
(Font)              Font shape `OT1/ppl/b/n' tried instead on input line 1.
LaTeX Font Info:    Font shape `U/msa/m/n' will be
(Font)              scaled to size 12.50409pt on input line 2.
LaTeX Font Info:    Font shape `U/msa/m/n' will be
(Font)              scaled to size 9.37807pt on input line 2.
LaTeX Font Info:    Font shape `U/msa/m/n' will be
(Font)              scaled to size 7.29405pt on input line 2.
LaTeX Font Info:    Font shape `U/msb/m/n' will be
(Font)              scaled to size 12.50409pt on input line 2.
LaTeX Font Info:    Font shape `U/msb/m/n' will be
(Font)              scaled to size 9.37807pt on input line 2.
LaTeX Font Info:    Font shape `U/msb/m/n' will be
(Font)              scaled to size 7.29405pt on input line 2.
Package CJKpunct Info: punctuation spaces for family 'zhsong' do not exist. Use
 family 'def' instead. on input line 19.
)
\tf@toc=\write4
 [1

]
LaTeX Font Info:    Font shape `OT1/ppl/bx/n' in size <14.4> not available
(Font)              Font shape `OT1/ppl/b/n' tried instead on input line 103.


Package Fancyhdr Warning: \headheight is too small (12.0pt): 
 Make it at least 14.49998pt.
 We now make it that large for the rest of the document.
 This may cause the page layout to be inconsistent, however.

[2]
Overfull \hbox (7.61798pt too wide) in paragraph at lines 154--155
[]\C19/rm/m/n/12/58 ô \C19/rm/m/n/12/48 5 \C19/rm/m/n/12/47 å \C19/rm/m/n/12/51
 U \C19/rm/m/n/12/39 l \C19/rm/m/n/12/42 ç \C19/rm/m/n/12/40 ı \C19/rm/m/n/12/4
6  \C19/rm/m/n/12/40 › È \C19/rm/m/n/12/55 Í \C19/rm/m/n/12/46 ‚ ? \C19/rm/m/n
/12/60 1 \C19/rm/m/n/12/41 © \C19/rm/m/n/12/58 €|\C19/rm/m/n/12/26 ß| \C19/rm/m
/n/12/56 § \C19/rm/m/n/12/61 ± \C19/rm/m/n/12/60 I \C19/rm/m/n/12/61 á \C19/rm/
m/n/12/40 ı \C19/rm/m/n/12/63  \C19/rm/m/n/12/44 z \C19/rm/m/n/12/40  \C19/rm
/m/n/12/55 Í \C19/rm/m/n/12/46 ‚|\C19/rm/m/n/12/26 ß| \C19/rm/m/n/12/54 X\OT1/p
pl/m/n/12 Stackoverflow\C19/rm/m/n/12/58 Ø
 []

<design.png, id=66, 1470.49374pt x 654.445pt>
File: design.png Graphic file (type png)
 <use design.png>
Package pdftex.def Info: design.png used on input line 163.
(pdftex.def)             Requested size: 469.75499pt x 209.06718pt.

Overfull \hbox (14.51088pt too wide) in paragraph at lines 163--164
 [][] 
 []


Package Fancyhdr Warning: \headheight is too small (12.0pt): 
 Make it at least 14.49998pt.
 We now make it that large for the rest of the document.
 This may cause the page layout to be inconsistent, however.

[3]

Package Fancyhdr Warning: \headheight is too small (12.0pt): 
 Make it at least 14.49998pt.
 We now make it that large for the rest of the document.
 This may cause the page layout to be inconsistent, however.

[4 <C:/Download/Â§ß‰Ωú‰∏ö/design.png (PNG copy)>]
LaTeX Font Info:    Try loading font information for OMS+ppl on input line 250.


(C:\Software\Ctex\MiKTeX\tex\latex\psnfss\omsppl.fd
File: omsppl.fd 
)
LaTeX Font Info:    Font shape `OMS/ppl/m/n' in size <12> not available
(Font)              Font shape `OMS/cmsy/m/n' tried instead on input line 250.


Package Fancyhdr Warning: \headheight is too small (12.0pt): 
 Make it at least 14.49998pt.
 We now make it that large for the rest of the document.
 This may cause the page layout to be inconsistent, however.

[5]

Package Fancyhdr Warning: \headheight is too small (12.0pt): 
 Make it at least 14.49998pt.
 We now make it that large for the rest of the document.
 This may cause the page layout to be inconsistent, however.

[6]
Package CJKpunct Info: punctuation spaces for family 'zhhei' do not exist. Use 
family 'def' instead. on input line 278.
 <b1.jpg, id=84, 702.625pt x 526.96875pt>
File: b1.jpg Graphic file (type jpg)
 <use b1.jpg>
Package pdftex.def Info: b1.jpg used on input line 283.
(pdftex.def)             Requested size: 433.62pt x 325.22163pt.


Package Fancyhdr Warning: \headheight is too small (12.0pt): 
 Make it at least 14.49998pt.
 We now make it that large for the rest of the document.
 This may cause the page layout to be inconsistent, however.

[7 <C:/Download/Â§ß‰Ωú‰∏ö/b1.jpg>]
Overfull \hbox (17.79515pt too wide) in paragraph at lines 334--335
[]\C19/rm/m/n/12/57 ⁄ \C19/rm/m/n/12/45 O \C19/rm/m/n/12/51 ˜ \C19/rm/m/n/12/38
 ¡ \C19/rm/m/n/12/44 º \C19/rm/m/n/12/54  \C19/rm/m/n/12/40 \OT1/ppl/m/n/12 1
6800\C19/rm/m/n/12/42 á \C19/rm/m/n/12/37 Û \C19/rm/m/n/12/47 • \C19/rm/m/n/12/
64 •|\C19/rm/m/n/12/26 ß| \C19/rm/m/n/12/57 ⁄ \C19/rm/m/n/12/45 O \C19/rm/m/n/1
2/52 Ÿ \C19/rm/m/n/12/64 • \C19/rm/m/n/12/57 J \C19/rm/m/n/12/45 9 \C19/rm/m/n/
12/40 \OT1/ppl/m/n/12 packages|\C19/rm/m/n/12/26 ß| \C19/rm/m/n/12/65 Å \C19/r
m/m/n/12/38 ~ \C19/rm/m/n/12/37  \C19/rm/m/n/12/57 J \C19/rm/m/n/12/45 9 \C19/
rm/m/n/12/40 \OT1/ppl/m/n/12 packages\C19/rm/m/n/12/54 X
 []


Package Fancyhdr Warning: \headheight is too small (12.0pt): 
 Make it at least 14.49998pt.
 We now make it that large for the rest of the document.
 This may cause the page layout to be inconsistent, however.

[8] <b4.jpg, id=94, 977.6525pt x 715.67375pt>
File: b4.jpg Graphic file (type jpg)
 <use b4.jpg>
Package pdftex.def Info: b4.jpg used on input line 374.
(pdftex.def)             Requested size: 433.62pt x 317.43092pt.


Package Fancyhdr Warning: \headheight is too small (12.0pt): 
 Make it at least 14.49998pt.
 We now make it that large for the rest of the document.
 This may cause the page layout to be inconsistent, however.

[9]
Underfull \vbox (badness 10000) detected at line 408
 []


Package Fancyhdr Warning: \headheight is too small (12.0pt): 
 Make it at least 14.49998pt.
 We now make it that large for the rest of the document.
 This may cause the page layout to be inconsistent, however.

[10 <C:/Download/Â§ß‰Ωú‰∏ö/b4.jpg>]

Package Fancyhdr Warning: \headheight is too small (12.0pt): 
 Make it at least 14.49998pt.
 We now make it that large for the rest of the document.
 This may cause the page layout to be inconsistent, however.

[11] <stack1.png, id=104, 1148.29pt x 686.565pt>
File: stack1.png Graphic file (type png)
 <use stack1.png>
Package pdftex.def Info: stack1.png used on input line 468.
(pdftex.def)             Requested size: 455.30121pt x 272.22209pt.


Package Fancyhdr Warning: \headheight is too small (12.0pt): 
 Make it at least 14.49998pt.
 We now make it that large for the rest of the document.
 This may cause the page layout to be inconsistent, however.

[12] <stack2.jpg, id=108, 862.72313pt x 516.42938pt>
File: stack2.jpg Graphic file (type jpg)
 <use stack2.jpg>
Package pdftex.def Info: stack2.jpg used on input line 475.
(pdftex.def)             Requested size: 361.34999pt x 216.29997pt.

<stack3.jpg, id=109, 856.70062pt x 513.41812pt>
File: stack3.jpg Graphic file (type jpg)
 <use stack3.jpg>
Package pdftex.def Info: stack3.jpg used on input line 482.
(pdftex.def)             Requested size: 433.62pt x 259.86557pt.


Package Fancyhdr Warning: \headheight is too small (12.0pt): 
 Make it at least 14.49998pt.
 We now make it that large for the rest of the document.
 This may cause the page layout to be inconsistent, however.

[13 <C:/Download/Â§ß‰Ωú‰∏ö/stack1.png> <C:/Download/Â§ß‰Ωú‰∏ö/stack2.jpg>]
<data1-1.png, id=115, 972.63374pt x 749.80125pt>
File: data1-1.png Graphic file (type png)
 <use data1-1.png>
Package pdftex.def Info: data1-1.png used on input line 490.
(pdftex.def)             Requested size: 397.48499pt x 306.4137pt.

<data1-2.png, id=116, 1147.28625pt x 770.88pt>
File: data1-2.png Graphic file (type png)
 <use data1-2.png>
Package pdftex.def Info: data1-2.png used on input line 496.
(pdftex.def)             Requested size: 361.34999pt x 242.7932pt.

<data2-1.png, id=117, 1102.1175pt x 716.6775pt>
File: data2-1.png Graphic file (type png)
 <use data2-1.png>
Package pdftex.def Info: data2-1.png used on input line 502.
(pdftex.def)             Requested size: 397.48499pt x 258.47394pt.

<data2-2.png, id=118, 1089.06876pt x 738.76pt>
File: data2-2.png Graphic file (type png)
 <use data2-2.png>
Package pdftex.def Info: data2-2.png used on input line 507.
(pdftex.def)             Requested size: 397.48499pt x 269.62823pt.


Package Fancyhdr Warning: \headheight is too small (12.0pt): 
 Make it at least 14.49998pt.
 We now make it that large for the rest of the document.
 This may cause the page layout to be inconsistent, however.

[14 <C:/Download/Â§ß‰Ωú‰∏ö/stack3.jpg> <C:/Download/Â§ß‰Ωú‰∏ö/data1-1.png (PNG 
copy)>]

Package Fancyhdr Warning: \headheight is too small (12.0pt): 
 Make it at least 14.49998pt.
 We now make it that large for the rest of the document.
 This may cause the page layout to be inconsistent, however.

[15 <C:/Download/Â§ß‰Ωú‰∏ö/data1-2.png (PNG copy)> <C:/Download/Â§ß‰Ωú‰∏ö/data2
-1.png (PNG copy)>]

Package Fancyhdr Warning: \headheight is too small (12.0pt): 
 Make it at least 14.49998pt.
 We now make it that large for the rest of the document.
 This may cause the page layout to be inconsistent, however.

[16 <C:/Download/Â§ß‰Ωú‰∏ö/data2-2.png (PNG copy)>]

Package Fancyhdr Warning: \headheight is too small (12.0pt): 
 Make it at least 14.49998pt.
 We now make it that large for the rest of the document.
 This may cause the page layout to be inconsistent, however.

[17]

Package Fancyhdr Warning: \headheight is too small (12.0pt): 
 Make it at least 14.49998pt.
 We now make it that large for the rest of the document.
 This may cause the page layout to be inconsistent, however.

[18]

Package Fancyhdr Warning: \headheight is too small (12.0pt): 
 Make it at least 14.49998pt.
 We now make it that large for the rest of the document.
 This may cause the page layout to be inconsistent, however.

[19] <b3.jpg, id=138, 977.6525pt x 715.67375pt>
File: b3.jpg Graphic file (type jpg)
 <use b3.jpg>
Package pdftex.def Info: b3.jpg used on input line 631.
(pdftex.def)             Requested size: 433.62pt x 317.43092pt.


Package Fancyhdr Warning: \headheight is too small (12.0pt): 
 Make it at least 14.49998pt.
 We now make it that large for the rest of the document.
 This may cause the page layout to be inconsistent, however.

[20 <C:/Download/Â§ß‰Ωú‰∏ö/b3.jpg>]

Package Fancyhdr Warning: \headheight is too small (12.0pt): 
 Make it at least 14.49998pt.
 We now make it that large for the rest of the document.
 This may cause the page layout to be inconsistent, however.

[21] <b2.jpg, id=146, 1293.83376pt x 810.02625pt>
File: b2.jpg Graphic file (type jpg)
 <use b2.jpg>
Package pdftex.def Info: b2.jpg used on input line 675.
(pdftex.def)             Requested size: 433.62pt x 271.4748pt.


Package Fancyhdr Warning: \headheight is too small (12.0pt): 
 Make it at least 14.49998pt.
 We now make it that large for the rest of the document.
 This may cause the page layout to be inconsistent, however.

[22 <C:/Download/Â§ß‰Ωú‰∏ö/b2.jpg>]

Package Fancyhdr Warning: \headheight is too small (12.0pt): 
 Make it at least 14.49998pt.
 We now make it that large for the rest of the document.
 This may cause the page layout to be inconsistent, however.

[23] 
AED: lastpage setting LastPage
(C:\Download\Â§ß‰Ωú‰∏ö\222.aux)

LaTeX Warning: There were multiply-defined labels.

 ) 
Here is how much of TeX's memory you used:
 14412 strings out of 495354
 224203 string characters out of 3183354
 277621 words of memory out of 3000000
 17195 multiletter control sequences out of 15000+200000
 59115 words of font info for 190 fonts, out of 3000000 for 9000
 14 hyphenation exceptions out of 8191
 36i,11n,43p,845b,995s stack positions out of 5000i,500n,10000p,200000b,50000s
<C:/WINDOWS/Fonts/simhei.ttf><C:/WINDOWS/Fonts/simhei.ttf><C:/WINDOWS/Fonts/s
imhei.ttf><C:/WINDOWS/Fonts/simhei.ttf><C:/WINDOWS/Fonts/simhei.ttf><C:/WINDOWS
/Fonts/simhei.ttf><C:/WINDOWS/Fonts/simhei.ttf><C:/WINDOWS/Fonts/simhei.ttf><C:
/WINDOWS/Fonts/simsun.ttc><C:/WINDOWS/Fonts/simsun.ttc><C:/WINDOWS/Fonts/simhei
.ttf><C:/WINDOWS/Fonts/simsun.ttc><C:/WINDOWS/Fonts/simsun.ttc><C:/WINDOWS/Font
s/simsun.ttc><C:/WINDOWS/Fonts/simsun.ttc><C:/WINDOWS/Fonts/simhei.ttf><C:/WIND
OWS/Fonts/simsun.ttc><C:/WINDOWS/Fonts/simhei.ttf><C:/WINDOWS/Fonts/simsun.ttc>
<C:/WINDOWS/Fonts/simsun.ttc><C:/WINDOWS/Fonts/simsun.ttc><C:/WINDOWS/Fonts/sim
hei.ttf><C:/WINDOWS/Fonts/simhei.ttf><C:/WINDOWS/Fonts/simsun.ttc><C:/WINDOWS/F
onts/simsun.ttc><C:/WINDOWS/Fonts/simsun.ttc><C:/WINDOWS/Fonts/simhei.ttf><C:/W
INDOWS/Fonts/simhei.ttf><C:/WINDOWS/Fonts/simhei.ttf><C:/WINDOWS/Fonts/simhei.t
tf><C:/WINDOWS/Fonts/simhei.ttf><C:/WINDOWS/Fonts/simhei.ttf><C:/WINDOWS/Fonts/
simsun.ttc><C:/WINDOWS/Fonts/simsun.ttc><C:/WINDOWS/Fonts/simsun.ttc><C:/WINDOW
S/Fonts/simsun.ttc><C:/WINDOWS/Fonts/simhei.ttf><C:/WINDOWS/Fonts/simhei.ttf><C
:/WINDOWS/Fonts/simsun.ttc><C:/WINDOWS/Fonts/simsun.ttc><C:/WINDOWS/Fonts/simsu
n.ttc><C:/WINDOWS/Fonts/simsun.ttc><C:/WINDOWS/Fonts/simsun.ttc><C:/WINDOWS/Fon
ts/simsun.ttc><C:/WINDOWS/Fonts/simhei.ttf><C:/WINDOWS/Fonts/simhei.ttf><C:/WIN
DOWS/Fonts/simhei.ttf><C:/WINDOWS/Fonts/simhei.ttf><C:/WINDOWS/Fonts/simhei.ttf
><C:/WINDOWS/Fonts/simhei.ttf>{C:/Software/Ctex/MiKTeX/fonts/enc/dvips/fontname
/8r.enc}<C:/WINDOWS/Fonts/simhei.ttf><C:/WINDOWS/Fonts/simhei.ttf><C:/WINDOWS/F
onts/simsun.ttc><C:/WINDOWS/Fonts/simsun.ttc><C:/WINDOWS/Fonts/simsun.ttc><C:/W
INDOWS/Fonts/simsun.ttc><C:/WINDOWS/Fonts/simsun.ttc><C:/WINDOWS/Fonts/simsun.t
tc><C:/WINDOWS/Fonts/simsun.ttc><C:/WINDOWS/Fonts/simsun.ttc><C:/WINDOWS/Fonts/
simsun.ttc><C:/WINDOWS/Fonts/simsun.ttc><C:/WINDOWS/Fonts/simsun.ttc><C:/Softwa
re/Ctex/MiKTeX/fonts/type1/public/amsfonts/cm/cmsy10.pfb><C:/Software/Ctex/MiKT
eX/fonts/type1/urw/palatino/uplb8a.pfb><C:/Software/Ctex/MiKTeX/fonts/type1/urw
/palatino/uplr8a.pfb>
Output written on 222.pdf (23 pages, 3137889 bytes).
PDF statistics:
 354 PDF objects out of 1000 (max. 8388607)
 0 named destinations out of 1000 (max. 500000)
 61 words of extra memory for PDF output out of 10000 (max. 10000000)

